LOG_PATH = os.path.join(BASE_DIR, "log/")
LOGGING = {
    'version': 1,
    'disable_existing_loggers': True,
    'formatters': {
        'standard': {
            'format': '%(asctime)s [%(levelname)s]- %(message)s'}

    },
    'handlers': {
        'django_error': {
            'level': 'DEBUG',
            'class': 'logging.handlers.RotatingFileHandler',
            'filename': LOG_PATH + 'django.log',
            'formatter': 'standard'
        },
        'info': {
            'level': 'DEBUG',
            'class': 'logging.handlers.RotatingFileHandler',
            'filename': LOG_PATH + 'info.log',
            'formatter': 'standard'
        },
        'console': {
            'level': 'DEBUG',
            'class': 'logging.StreamHandler',
            'formatter': 'standard'
        }
    },
    'loggers': {
        'info': {
            'handlers': ['info', "console"],
            'level': 'DEBUG',
            'propagate': True
        },
        'django': {
            'handlers': ['console'],
            'level': 'INFO',
            'propagate': True,
        },
        'django.request': {
            'handlers': ['django_error', 'console'],
            'level': 'DEBUG',
            'propagate': True,
        },
        'django.db.backends': {
            'handlers': ['console'],
            'level': 'ERROR',
            'propagate': True,
        }
    },
}